Build started 09.04.2013 19:36:04.
     1>Project "D:\Hobby\iGaia-Tanks\iGaia-CartoonPanzers_Win32\iGaia-CartoonPanzers\iGaia-CartoonPanzers.vcxproj" on node 2 (Build target(s)).
     1>ClCompile:
         C:\Program Files (x86)\Microsoft Visual Studio 11.0\VC\bin\CL.exe /c /I..\..\Libs\box2d /I..\..\Libs\pvrtextool\include /I..\..\Libs\windows\ogles2\include /I..\..\Libs /I..\..\Libs\libRocket\Include /ZI /nologo /W3 /WX- /sdl /Od /Oy- /D WIN32 /D _DEBUG /D _CONSOLE /D _UNICODE /D UNICODE /Gm /EHsc /RTC1 /MDd /GS /fp:precise /Zc:wchar_t /Zc:forScope /Fo"Debug\\" /Fd"Debug\vc110.pdb" /Gd /TP /analyze- /errorReport:prompt ..\..\Classes\CBuilding.cpp ..\..\Classes\CCarcass.cpp ..\..\Classes\CCharacterController.cpp ..\..\Classes\CChassis.cpp ..\..\Classes\CGameMainMenuScene.cpp ..\..\Classes\CGameMainMenuSceneViewController_Win32.cpp ..\..\Classes\CGameObject3d.cpp ..\..\Classes\CLandscape.cpp ..\..\Classes\CLandscapeChunk.cpp ..\..\Classes\CLandscapeDecal.cpp ..\..\Classes\CLandscapeEdges.cpp ..\..\Classes\CLoadOperation_MDL.cpp ..\..\Classes\CLoadOperation_PVR.cpp ..\..\Classes\CMeshMgr.cpp ..\..\Classes\COcean.cpp ..\..\Classes\CPanzer.cpp ..\..\Classes\CParticleEmitter.cpp ..\..\Classes\CResourceLoadCallback.cpp ..\..\Classes\CResourceMgrsFacade.cpp ..\..\Classes\CRoot.cpp ..\..\Classes\CSceneContainer.cpp ..\..\Classes\CSceneFabricator.cpp ..\..\Classes\CSceneGraph.cpp ..\..\Classes\CShape3d.cpp ..\..\Classes\CTextureMgr.cpp ..\..\Classes\CTurret.cpp ..\..\Classes\CUIMgr.cpp ..\..\Classes\CUIShellEventHandler.cpp ..\..\Classes\CUIShellEventListenerInstancer.cpp ..\..\Classes\CUIShellRenderMgr.cpp ..\..\Classes\ILoadOperation.cpp ..\..\Classes\IResourceMgr.cpp ..\..\Classes\ISpare.cpp "iGaia-CartoonPanzers.cpp"
         ILoadOperation.cpp
         CTextureMgr.cpp
     1>d:\hobby\igaia-tanks\classes\ctexturemgr.cpp(30): error C2440: 'static_cast' : cannot convert from 'std::shared_ptr<_Ty>' to 'CTexture *'
                 with
                 [
                     _Ty=IResource_INTERFACE
                 ]
                 No user-defined-conversion operator available that can perform this conversion, or the operator cannot be called
     1>d:\hobby\igaia-tanks\classes\ctexturemgr.cpp(39): error C2664: 'std::pair<_Ty1,_Ty2> std::_Tree<_Traits>::insert(std::pair<const _Kty,_Ty> &&)' : cannot convert parameter 1 from 'std::pair<_Ty1,_Ty2>' to 'std::pair<_Ty1,_Ty2> &&'
                 with
                 [
                     _Ty1=std::_Tree_iterator<std::_Tree_val<std::_Tree_simple_types<std::pair<const std::string,TSharedPtrResource>>>>,
                     _Ty2=bool,
                     _Traits=std::_Tmap_traits<std::string,TSharedPtrResource,std::less<std::string>,std::allocator<std::pair<const std::string,TSharedPtrResource>>,false>,
                     _Kty=std::string,
                     _Ty=TSharedPtrResource
                 ]
                 and
                 [
                     _Ty1=std::basic_string<char,std::char_traits<char>,std::allocator<char>>,
                     _Ty2=CTexture *
                 ]
                 and
                 [
                     _Ty1=const std::string,
                     _Ty2=TSharedPtrResource
                 ]
                 Reason: cannot convert from 'std::pair<_Ty1,_Ty2>' to 'std::pair<_Ty1,_Ty2>'
                 with
                 [
                     _Ty1=std::basic_string<char,std::char_traits<char>,std::allocator<char>>,
                     _Ty2=CTexture *
                 ]
                 and
                 [
                     _Ty1=const std::string,
                     _Ty2=TSharedPtrResource
                 ]
                 No user-defined-conversion operator available that can perform this conversion, or the operator cannot be called
     1>d:\hobby\igaia-tanks\classes\ctexturemgr.cpp(47): error C2440: 'static_cast' : cannot convert from 'std::shared_ptr<_Ty>' to 'CTexture *'
                 with
                 [
                     _Ty=IResource_INTERFACE
                 ]
                 No user-defined-conversion operator available that can perform this conversion, or the operator cannot be called
         CResourceMgrsFacade.cpp
     1>d:\hobby\igaia-tanks\classes\cresourcemgrsfacade.cpp(135): error C2664: 'IResourceMgr_INTERFACE::UnloadResource' : cannot convert parameter 1 from 'IResource_INTERFACE *' to 'TSharedPtrResource'
                 Constructor for class 'std::shared_ptr<_Ty>' is declared 'explicit'
                 with
                 [
                     _Ty=IResource_INTERFACE
                 ]
     1>d:\hobby\igaia-tanks\classes\cresourcemgrsfacade.cpp(141): error C2664: 'IResourceMgr_INTERFACE::UnloadResource' : cannot convert parameter 1 from 'IResource_INTERFACE *' to 'TSharedPtrResource'
                 Constructor for class 'std::shared_ptr<_Ty>' is declared 'explicit'
                 with
                 [
                     _Ty=IResource_INTERFACE
                 ]
         CResourceLoadCallback.cpp
         CMeshMgr.cpp
     1>d:\hobby\igaia-tanks\classes\cmeshmgr.cpp(30): error C2440: 'static_cast' : cannot convert from 'std::shared_ptr<_Ty>' to 'CMesh *'
                 with
                 [
                     _Ty=IResource_INTERFACE
                 ]
                 No user-defined-conversion operator available that can perform this conversion, or the operator cannot be called
     1>d:\hobby\igaia-tanks\classes\cmeshmgr.cpp(39): error C2664: 'std::pair<_Ty1,_Ty2> std::_Tree<_Traits>::insert(std::pair<const _Kty,_Ty> &&)' : cannot convert parameter 1 from 'std::pair<_Ty1,_Ty2>' to 'std::pair<_Ty1,_Ty2> &&'
                 with
                 [
                     _Ty1=std::_Tree_iterator<std::_Tree_val<std::_Tree_simple_types<std::pair<const std::string,TSharedPtrResource>>>>,
                     _Ty2=bool,
                     _Traits=std::_Tmap_traits<std::string,TSharedPtrResource,std::less<std::string>,std::allocator<std::pair<const std::string,TSharedPtrResource>>,false>,
                     _Kty=std::string,
                     _Ty=TSharedPtrResource
                 ]
                 and
                 [
                     _Ty1=std::basic_string<char,std::char_traits<char>,std::allocator<char>>,
                     _Ty2=CMesh *
                 ]
                 and
                 [
                     _Ty1=const std::string,
                     _Ty2=TSharedPtrResource
                 ]
                 Reason: cannot convert from 'std::pair<_Ty1,_Ty2>' to 'std::pair<_Ty1,_Ty2>'
                 with
                 [
                     _Ty1=std::basic_string<char,std::char_traits<char>,std::allocator<char>>,
                     _Ty2=CMesh *
                 ]
                 and
                 [
                     _Ty1=const std::string,
                     _Ty2=TSharedPtrResource
                 ]
                 No user-defined-conversion operator available that can perform this conversion, or the operator cannot be called
     1>d:\hobby\igaia-tanks\classes\cmeshmgr.cpp(47): error C2440: 'static_cast' : cannot convert from 'std::shared_ptr<_Ty>' to 'CMesh *'
                 with
                 [
                     _Ty=IResource_INTERFACE
                 ]
                 No user-defined-conversion operator available that can perform this conversion, or the operator cannot be called
         Generating Code...
         Compiling...
         iGaia-CartoonPanzers.cpp
         ISpare.cpp
         IResourceMgr.cpp
     1>d:\hobby\igaia-tanks\classes\iresourcemgr.cpp(23): error C2664: 'CResourceLoadCallback::Execute_OnResourceDidLoadCallback' : cannot convert parameter 1 from 'IResource_INTERFACE *' to 'TSharedPtrResource'
                 Constructor for class 'std::shared_ptr<_Ty>' is declared 'explicit'
                 with
                 [
                     _Ty=IResource_INTERFACE
                 ]
         CUIShellRenderMgr.cpp
     1>d:\hobby\igaia-tanks\classes\cuishellrendermgr.cpp(48): warning C4018: '<' : signed/unsigned mismatch
     1>d:\hobby\igaia-tanks\classes\cuishellrendermgr.cpp(61): warning C4018: '<' : signed/unsigned mismatch
         CUIShellEventListenerInstancer.cpp
         CUIShellEventHandler.cpp
         CUIMgr.cpp
         CTurret.cpp
         CShape3d.cpp
         CSceneGraph.cpp
         CSceneFabricator.cpp
     1>d:\hobby\igaia-tanks\classes\cscenefabricator.cpp(44): error C2259: 'CShape3d' : cannot instantiate abstract class
                 due to following members:
                 'void CResourceLoadCallback_INTERFACE::OnResourceDidLoad(TSharedPtrResource)' : is abstract
                 d:\hobby\igaia-tanks\classes\cresourceloadcallback.h(51) : see declaration of 'CResourceLoadCallback_INTERFACE::OnResourceDidLoad'
     1>d:\hobby\igaia-tanks\classes\cscenefabricator.cpp(61): error C2259: 'CParticleEmitter' : cannot instantiate abstract class
                 due to following members:
                 'void CResourceLoadCallback_INTERFACE::OnResourceDidLoad(TSharedPtrResource)' : is abstract
                 d:\hobby\igaia-tanks\classes\cresourceloadcallback.h(51) : see declaration of 'CResourceLoadCallback_INTERFACE::OnResourceDidLoad'
     1>d:\hobby\igaia-tanks\classes\cscenefabricator.cpp(78): error C2259: 'CLandscape' : cannot instantiate abstract class
                 due to following members:
                 'void CResourceLoadCallback_INTERFACE::OnResourceDidLoad(TSharedPtrResource)' : is abstract
                 d:\hobby\igaia-tanks\classes\cresourceloadcallback.h(51) : see declaration of 'CResourceLoadCallback_INTERFACE::OnResourceDidLoad'
     1>d:\hobby\igaia-tanks\classes\cscenefabricator.cpp(95): error C2259: 'CLandscapeDecal' : cannot instantiate abstract class
                 due to following members:
                 'void CResourceLoadCallback_INTERFACE::OnResourceDidLoad(TSharedPtrResource)' : is abstract
                 d:\hobby\igaia-tanks\classes\cresourceloadcallback.h(51) : see declaration of 'CResourceLoadCallback_INTERFACE::OnResourceDidLoad'
     1>d:\hobby\igaia-tanks\classes\cscenefabricator.cpp(112): error C2259: 'COcean' : cannot instantiate abstract class
                 due to following members:
                 'void CResourceLoadCallback_INTERFACE::OnResourceDidLoad(TSharedPtrResource)' : is abstract
                 d:\hobby\igaia-tanks\classes\cresourceloadcallback.h(51) : see declaration of 'CResourceLoadCallback_INTERFACE::OnResourceDidLoad'
         CSceneContainer.cpp
         CRoot.cpp
         CParticleEmitter.cpp
     1>d:\hobby\igaia-tanks\classes\cparticleemitter.cpp(107): warning C4244: '=' : conversion from 'ui64' to 'f32', possible loss of data
     1>d:\hobby\igaia-tanks\classes\cparticleemitter.cpp(125): warning C4244: 'initializing' : conversion from 'ui64' to 'f32', possible loss of data
         CPanzer.cpp
         COcean.cpp
     1>d:\hobby\igaia-tanks\classes\cocean.cpp(31): warning C4244: '=' : conversion from 'ui32' to 'f32', possible loss of data
     1>d:\hobby\igaia-tanks\classes\cocean.cpp(32): warning C4244: '=' : conversion from 'ui32' to 'f32', possible loss of data
         CLoadOperation_PVR.cpp
     1>d:\hobby\igaia-tanks\classes\cloadoperation_pvr.cpp(43): warning C4244: 'initializing' : conversion from 'std::streamoff' to 'i32', possible loss of data
         CLoadOperation_MDL.cpp
         CLandscapeEdges.cpp
         CLandscapeDecal.cpp
     1>d:\hobby\igaia-tanks\classes\clandscapedecal.cpp(125): warning C4244: 'initializing' : conversion from 'float' to 'i32', possible loss of data
     1>d:\hobby\igaia-tanks\classes\clandscapedecal.cpp(126): warning C4244: 'initializing' : conversion from 'float' to 'i32', possible loss of data
     1>d:\hobby\igaia-tanks\classes\clandscapedecal.cpp(136): warning C4018: '>=' : signed/unsigned mismatch
     1>d:\hobby\igaia-tanks\classes\clandscapedecal.cpp(136): warning C4018: '>' : signed/unsigned mismatch
     1>d:\hobby\igaia-tanks\classes\clandscapedecal.cpp(138): warning C4244: '=' : conversion from 'i32' to 'float', possible loss of data
     1>d:\hobby\igaia-tanks\classes\clandscapedecal.cpp(140): warning C4244: '=' : conversion from 'i32' to 'float', possible loss of data
     1>d:\hobby\igaia-tanks\classes\clandscapedecal.cpp(144): warning C4244: '=' : conversion from 'i32' to 'float', possible loss of data
     1>d:\hobby\igaia-tanks\classes\clandscapedecal.cpp(146): warning C4244: '=' : conversion from 'i32' to 'float', possible loss of data
         Generating Code...
         Compiling...
         CLandscapeChunk.cpp
         CLandscape.cpp
     1>d:\hobby\igaia-tanks\classes\clandscape.cpp(95): error C2259: 'CLandscapeChunk' : cannot instantiate abstract class
                 due to following members:
                 'void CResourceLoadCallback_INTERFACE::OnResourceDidLoad(TSharedPtrResource)' : is abstract
                 d:\hobby\igaia-tanks\classes\cresourceloadcallback.h(51) : see declaration of 'CResourceLoadCallback_INTERFACE::OnResourceDidLoad'
     1>d:\hobby\igaia-tanks\classes\clandscape.cpp(112): error C2259: 'CLandscapeEdges' : cannot instantiate abstract class
                 due to following members:
                 'void CResourceLoadCallback_INTERFACE::OnResourceDidLoad(TSharedPtrResource)' : is abstract
                 d:\hobby\igaia-tanks\classes\cresourceloadcallback.h(51) : see declaration of 'CResourceLoadCallback_INTERFACE::OnResourceDidLoad'
         CGameObject3d.cpp
         CGameMainMenuSceneViewController_Win32.cpp
     1>d:\hobby\igaia-tanks\classes\ctexture.h(17): error C2236: unexpected token 'class'. Did you forget a ';'?
     1>d:\hobby\igaia-tanks\classes\ctexture.h(54): warning C4091: 'typedef ' : ignored on left of 'CTexture' when no variable is declared
         CGameMainMenuScene.cpp
     1>d:\hobby\igaia-tanks\classes\ctexture.h(17): error C2236: unexpected token 'class'. Did you forget a ';'?
     1>d:\hobby\igaia-tanks\classes\ctexture.h(54): warning C4091: 'typedef ' : ignored on left of 'CTexture' when no variable is declared
         CChassis.cpp
     1>d:\hobby\igaia-tanks\classes\ctexture.h(17): error C2236: unexpected token 'class'. Did you forget a ';'?
     1>d:\hobby\igaia-tanks\classes\ctexture.h(54): warning C4091: 'typedef ' : ignored on left of 'CTexture' when no variable is declared
         CCharacterController.cpp
     1>d:\hobby\igaia-tanks\classes\ctexture.h(17): error C2236: unexpected token 'class'. Did you forget a ';'?
     1>d:\hobby\igaia-tanks\classes\ctexture.h(54): warning C4091: 'typedef ' : ignored on left of 'CTexture' when no variable is declared
         CCarcass.cpp
         CBuilding.cpp
         Generating Code...
     1>Done Building Project "D:\Hobby\iGaia-Tanks\iGaia-CartoonPanzers_Win32\iGaia-CartoonPanzers\iGaia-CartoonPanzers.vcxproj" (Build target(s)) -- FAILED.

Build FAILED.

Time Elapsed 00:01:48.74
