D:\DEVELOP\IGAIA-TANKS\IGAIA-TANKS\IGAIA-CARTOONPANZERS_WIN32\IGAIA-CARTOONPANZERS\DEBUG\B2CONTACT.OBJ
D:\DEVELOP\IGAIA-TANKS\IGAIA-TANKS\IGAIA-CARTOONPANZERS_WIN32\IGAIA-CARTOONPANZERS\DEBUG\B2CONTACTSOLVER.OBJ
D:\DEVELOP\IGAIA-TANKS\IGAIA-TANKS\IGAIA-CARTOONPANZERS_WIN32\IGAIA-CARTOONPANZERS\DEBUG\B2EDGEANDCIRCLECONTACT.OBJ
D:\DEVELOP\IGAIA-TANKS\IGAIA-TANKS\IGAIA-CARTOONPANZERS_WIN32\IGAIA-CARTOONPANZERS\DEBUG\B2EDGEANDPOLYGONCONTACT.OBJ
D:\DEVELOP\IGAIA-TANKS\IGAIA-TANKS\IGAIA-CARTOONPANZERS_WIN32\IGAIA-CARTOONPANZERS\DEBUG\B2POLYGONANDCIRCLECONTACT.OBJ
D:\DEVELOP\IGAIA-TANKS\IGAIA-TANKS\IGAIA-CARTOONPANZERS_WIN32\IGAIA-CARTOONPANZERS\DEBUG\B2POLYGONCONTACT.OBJ
D:\DEVELOP\IGAIA-TANKS\IGAIA-TANKS\IGAIA-CARTOONPANZERS_WIN32\IGAIA-CARTOONPANZERS\DEBUG\B2DISTANCEJOINT.OBJ
D:\DEVELOP\IGAIA-TANKS\IGAIA-TANKS\IGAIA-CARTOONPANZERS_WIN32\IGAIA-CARTOONPANZERS\DEBUG\B2FRICTIONJOINT.OBJ
D:\DEVELOP\IGAIA-TANKS\IGAIA-TANKS\IGAIA-CARTOONPANZERS_WIN32\IGAIA-CARTOONPANZERS\DEBUG\B2GEARJOINT.OBJ
D:\DEVELOP\IGAIA-TANKS\IGAIA-TANKS\IGAIA-CARTOONPANZERS_WIN32\IGAIA-CARTOONPANZERS\DEBUG\B2JOINT.OBJ
D:\DEVELOP\IGAIA-TANKS\IGAIA-TANKS\IGAIA-CARTOONPANZERS_WIN32\IGAIA-CARTOONPANZERS\DEBUG\B2MOUSEJOINT.OBJ
D:\DEVELOP\IGAIA-TANKS\IGAIA-TANKS\IGAIA-CARTOONPANZERS_WIN32\IGAIA-CARTOONPANZERS\DEBUG\B2PRISMATICJOINT.OBJ
D:\DEVELOP\IGAIA-TANKS\IGAIA-TANKS\IGAIA-CARTOONPANZERS_WIN32\IGAIA-CARTOONPANZERS\DEBUG\B2PULLEYJOINT.OBJ
D:\DEVELOP\IGAIA-TANKS\IGAIA-TANKS\IGAIA-CARTOONPANZERS_WIN32\IGAIA-CARTOONPANZERS\DEBUG\B2REVOLUTEJOINT.OBJ
D:\DEVELOP\IGAIA-TANKS\IGAIA-TANKS\IGAIA-CARTOONPANZERS_WIN32\IGAIA-CARTOONPANZERS\DEBUG\B2ROPEJOINT.OBJ
D:\DEVELOP\IGAIA-TANKS\IGAIA-TANKS\IGAIA-CARTOONPANZERS_WIN32\IGAIA-CARTOONPANZERS\DEBUG\B2WELDJOINT.OBJ
D:\DEVELOP\IGAIA-TANKS\IGAIA-TANKS\IGAIA-CARTOONPANZERS_WIN32\IGAIA-CARTOONPANZERS\DEBUG\B2WHEELJOINT.OBJ
D:\DEVELOP\IGAIA-TANKS\IGAIA-TANKS\IGAIA-CARTOONPANZERS_WIN32\IGAIA-CARTOONPANZERS\DEBUG\B2ROPE.OBJ
D:\DEVELOP\IGAIA-TANKS\IGAIA-TANKS\IGAIA-CARTOONPANZERS_WIN32\IGAIA-CARTOONPANZERS\DEBUG\PUGIXML.OBJ
D:\DEVELOP\IGAIA-TANKS\IGAIA-TANKS\IGAIA-CARTOONPANZERS_WIN32\IGAIA-CARTOONPANZERS\DEBUG\IGAIA-CARTOONPANZERS.OBJ
D:\DEVELOP\IGAIA-TANKS\IGAIA-TANKS\IGAIA-CARTOONPANZERS_WIN32\IGAIA-CARTOONPANZERS\DEBUG\B2TIMEOFIMPACT.OBJ
D:\DEVELOP\IGAIA-TANKS\IGAIA-TANKS\IGAIA-CARTOONPANZERS_WIN32\IGAIA-CARTOONPANZERS\DEBUG\B2CHAINSHAPE.OBJ
D:\DEVELOP\IGAIA-TANKS\IGAIA-TANKS\IGAIA-CARTOONPANZERS_WIN32\IGAIA-CARTOONPANZERS\DEBUG\B2CIRCLESHAPE.OBJ
D:\DEVELOP\IGAIA-TANKS\IGAIA-TANKS\IGAIA-CARTOONPANZERS_WIN32\IGAIA-CARTOONPANZERS\DEBUG\B2EDGESHAPE.OBJ
D:\DEVELOP\IGAIA-TANKS\IGAIA-TANKS\IGAIA-CARTOONPANZERS_WIN32\IGAIA-CARTOONPANZERS\DEBUG\B2POLYGONSHAPE.OBJ
D:\DEVELOP\IGAIA-TANKS\IGAIA-TANKS\IGAIA-CARTOONPANZERS_WIN32\IGAIA-CARTOONPANZERS\DEBUG\B2BLOCKALLOCATOR.OBJ
D:\DEVELOP\IGAIA-TANKS\IGAIA-TANKS\IGAIA-CARTOONPANZERS_WIN32\IGAIA-CARTOONPANZERS\DEBUG\B2DRAW.OBJ
D:\DEVELOP\IGAIA-TANKS\IGAIA-TANKS\IGAIA-CARTOONPANZERS_WIN32\IGAIA-CARTOONPANZERS\DEBUG\B2MATH.OBJ
D:\DEVELOP\IGAIA-TANKS\IGAIA-TANKS\IGAIA-CARTOONPANZERS_WIN32\IGAIA-CARTOONPANZERS\DEBUG\B2SETTINGS.OBJ
D:\DEVELOP\IGAIA-TANKS\IGAIA-TANKS\IGAIA-CARTOONPANZERS_WIN32\IGAIA-CARTOONPANZERS\DEBUG\B2STACKALLOCATOR.OBJ
D:\DEVELOP\IGAIA-TANKS\IGAIA-TANKS\IGAIA-CARTOONPANZERS_WIN32\IGAIA-CARTOONPANZERS\DEBUG\B2TIMER.OBJ
D:\DEVELOP\IGAIA-TANKS\IGAIA-TANKS\IGAIA-CARTOONPANZERS_WIN32\IGAIA-CARTOONPANZERS\DEBUG\B2BODY.OBJ
D:\DEVELOP\IGAIA-TANKS\IGAIA-TANKS\IGAIA-CARTOONPANZERS_WIN32\IGAIA-CARTOONPANZERS\DEBUG\B2CONTACTMANAGER.OBJ
D:\DEVELOP\IGAIA-TANKS\IGAIA-TANKS\IGAIA-CARTOONPANZERS_WIN32\IGAIA-CARTOONPANZERS\DEBUG\B2FIXTURE.OBJ
D:\DEVELOP\IGAIA-TANKS\IGAIA-TANKS\IGAIA-CARTOONPANZERS_WIN32\IGAIA-CARTOONPANZERS\DEBUG\B2ISLAND.OBJ
D:\DEVELOP\IGAIA-TANKS\IGAIA-TANKS\IGAIA-CARTOONPANZERS_WIN32\IGAIA-CARTOONPANZERS\DEBUG\B2WORLD.OBJ
D:\DEVELOP\IGAIA-TANKS\IGAIA-TANKS\IGAIA-CARTOONPANZERS_WIN32\IGAIA-CARTOONPANZERS\DEBUG\B2WORLDCALLBACKS.OBJ
D:\DEVELOP\IGAIA-TANKS\IGAIA-TANKS\IGAIA-CARTOONPANZERS_WIN32\IGAIA-CARTOONPANZERS\DEBUG\B2CHAINANDCIRCLECONTACT.OBJ
D:\DEVELOP\IGAIA-TANKS\IGAIA-TANKS\IGAIA-CARTOONPANZERS_WIN32\IGAIA-CARTOONPANZERS\DEBUG\B2CHAINANDPOLYGONCONTACT.OBJ
D:\DEVELOP\IGAIA-TANKS\IGAIA-TANKS\IGAIA-CARTOONPANZERS_WIN32\IGAIA-CARTOONPANZERS\DEBUG\B2CIRCLECONTACT.OBJ
D:\DEVELOP\IGAIA-TANKS\IGAIA-TANKS\IGAIA-CARTOONPANZERS_WIN32\IGAIA-CARTOONPANZERS\DEBUG\CSHAPE3D.OBJ
D:\DEVELOP\IGAIA-TANKS\IGAIA-TANKS\IGAIA-CARTOONPANZERS_WIN32\IGAIA-CARTOONPANZERS\DEBUG\CSHAPE3DSETTINGS_PARSER.OBJ
D:\DEVELOP\IGAIA-TANKS\IGAIA-TANKS\IGAIA-CARTOONPANZERS_WIN32\IGAIA-CARTOONPANZERS\DEBUG\CSKYDOMESETTINGS_PARSER.OBJ
D:\DEVELOP\IGAIA-TANKS\IGAIA-TANKS\IGAIA-CARTOONPANZERS_WIN32\IGAIA-CARTOONPANZERS\DEBUG\CTEXTURE.OBJ
D:\DEVELOP\IGAIA-TANKS\IGAIA-TANKS\IGAIA-CARTOONPANZERS_WIN32\IGAIA-CARTOONPANZERS\DEBUG\CTEXTUREMGR.OBJ
D:\DEVELOP\IGAIA-TANKS\IGAIA-TANKS\IGAIA-CARTOONPANZERS_WIN32\IGAIA-CARTOONPANZERS\DEBUG\CTURRET.OBJ
D:\DEVELOP\IGAIA-TANKS\IGAIA-TANKS\IGAIA-CARTOONPANZERS_WIN32\IGAIA-CARTOONPANZERS\DEBUG\CVERTEXBUFFER.OBJ
D:\DEVELOP\IGAIA-TANKS\IGAIA-TANKS\IGAIA-CARTOONPANZERS_WIN32\IGAIA-CARTOONPANZERS\DEBUG\ICHARACTER.OBJ
D:\DEVELOP\IGAIA-TANKS\IGAIA-TANKS\IGAIA-CARTOONPANZERS_WIN32\IGAIA-CARTOONPANZERS\DEBUG\IGLCONTEXT.OBJ
D:\DEVELOP\IGAIA-TANKS\IGAIA-TANKS\IGAIA-CARTOONPANZERS_WIN32\IGAIA-CARTOONPANZERS\DEBUG\ILOADOPERATION.OBJ
D:\DEVELOP\IGAIA-TANKS\IGAIA-TANKS\IGAIA-CARTOONPANZERS_WIN32\IGAIA-CARTOONPANZERS\DEBUG\IRESOURCE.OBJ
D:\DEVELOP\IGAIA-TANKS\IGAIA-TANKS\IGAIA-CARTOONPANZERS_WIN32\IGAIA-CARTOONPANZERS\DEBUG\IRESOURCEMGR.OBJ
D:\DEVELOP\IGAIA-TANKS\IGAIA-TANKS\IGAIA-CARTOONPANZERS_WIN32\IGAIA-CARTOONPANZERS\DEBUG\ISPARE.OBJ
D:\DEVELOP\IGAIA-TANKS\IGAIA-TANKS\IGAIA-CARTOONPANZERS_WIN32\IGAIA-CARTOONPANZERS\DEBUG\B2BROADPHASE.OBJ
D:\DEVELOP\IGAIA-TANKS\IGAIA-TANKS\IGAIA-CARTOONPANZERS_WIN32\IGAIA-CARTOONPANZERS\DEBUG\B2COLLIDECIRCLE.OBJ
D:\DEVELOP\IGAIA-TANKS\IGAIA-TANKS\IGAIA-CARTOONPANZERS_WIN32\IGAIA-CARTOONPANZERS\DEBUG\B2COLLIDEEDGE.OBJ
D:\DEVELOP\IGAIA-TANKS\IGAIA-TANKS\IGAIA-CARTOONPANZERS_WIN32\IGAIA-CARTOONPANZERS\DEBUG\B2COLLIDEPOLYGON.OBJ
D:\DEVELOP\IGAIA-TANKS\IGAIA-TANKS\IGAIA-CARTOONPANZERS_WIN32\IGAIA-CARTOONPANZERS\DEBUG\B2COLLISION.OBJ
D:\DEVELOP\IGAIA-TANKS\IGAIA-TANKS\IGAIA-CARTOONPANZERS_WIN32\IGAIA-CARTOONPANZERS\DEBUG\B2DISTANCE.OBJ
D:\DEVELOP\IGAIA-TANKS\IGAIA-TANKS\IGAIA-CARTOONPANZERS_WIN32\IGAIA-CARTOONPANZERS\DEBUG\B2DYNAMICTREE.OBJ
D:\DEVELOP\IGAIA-TANKS\IGAIA-TANKS\IGAIA-CARTOONPANZERS_WIN32\IGAIA-CARTOONPANZERS\DEBUG\CQUADTREE.OBJ
D:\DEVELOP\IGAIA-TANKS\IGAIA-TANKS\IGAIA-CARTOONPANZERS_WIN32\IGAIA-CARTOONPANZERS\DEBUG\CRENDERCALLBACK.OBJ
D:\DEVELOP\IGAIA-TANKS\IGAIA-TANKS\IGAIA-CARTOONPANZERS_WIN32\IGAIA-CARTOONPANZERS\DEBUG\CRENDERMGR.OBJ
D:\DEVELOP\IGAIA-TANKS\IGAIA-TANKS\IGAIA-CARTOONPANZERS_WIN32\IGAIA-CARTOONPANZERS\DEBUG\CRENDEROPERATIONSCREENOUTPUT.OBJ
D:\DEVELOP\IGAIA-TANKS\IGAIA-TANKS\IGAIA-CARTOONPANZERS_WIN32\IGAIA-CARTOONPANZERS\DEBUG\CRENDEROPERATIONSCREENSPACE.OBJ
D:\DEVELOP\IGAIA-TANKS\IGAIA-TANKS\IGAIA-CARTOONPANZERS_WIN32\IGAIA-CARTOONPANZERS\DEBUG\CRENDEROPERATIONWORLDSPACE.OBJ
D:\DEVELOP\IGAIA-TANKS\IGAIA-TANKS\IGAIA-CARTOONPANZERS_WIN32\IGAIA-CARTOONPANZERS\DEBUG\CRENDERPRESENTCALLBACK.OBJ
D:\DEVELOP\IGAIA-TANKS\IGAIA-TANKS\IGAIA-CARTOONPANZERS_WIN32\IGAIA-CARTOONPANZERS\DEBUG\CRESOURCELOADCALLBACK.OBJ
D:\DEVELOP\IGAIA-TANKS\IGAIA-TANKS\IGAIA-CARTOONPANZERS_WIN32\IGAIA-CARTOONPANZERS\DEBUG\CRESOURCEMGRSFACADE.OBJ
D:\DEVELOP\IGAIA-TANKS\IGAIA-TANKS\IGAIA-CARTOONPANZERS_WIN32\IGAIA-CARTOONPANZERS\DEBUG\CROOT_WIN32.OBJ
D:\DEVELOP\IGAIA-TANKS\IGAIA-TANKS\IGAIA-CARTOONPANZERS_WIN32\IGAIA-CARTOONPANZERS\DEBUG\CROTATECONTROLLERCALLBACK.OBJ
D:\DEVELOP\IGAIA-TANKS\IGAIA-TANKS\IGAIA-CARTOONPANZERS_WIN32\IGAIA-CARTOONPANZERS\DEBUG\CSCENECONTAINER.OBJ
D:\DEVELOP\IGAIA-TANKS\IGAIA-TANKS\IGAIA-CARTOONPANZERS_WIN32\IGAIA-CARTOONPANZERS\DEBUG\CSCENEFABRICATOR.OBJ
D:\DEVELOP\IGAIA-TANKS\IGAIA-TANKS\IGAIA-CARTOONPANZERS_WIN32\IGAIA-CARTOONPANZERS\DEBUG\CSCENEGRAPH.OBJ
D:\DEVELOP\IGAIA-TANKS\IGAIA-TANKS\IGAIA-CARTOONPANZERS_WIN32\IGAIA-CARTOONPANZERS\DEBUG\CSCENEUPDATECALLBACK.OBJ
D:\DEVELOP\IGAIA-TANKS\IGAIA-TANKS\IGAIA-CARTOONPANZERS_WIN32\IGAIA-CARTOONPANZERS\DEBUG\CSCENEUPDATEMGR.OBJ
D:\DEVELOP\IGAIA-TANKS\IGAIA-TANKS\IGAIA-CARTOONPANZERS_WIN32\IGAIA-CARTOONPANZERS\DEBUG\CSCREENSPACERENDERPROCESSOR.OBJ
D:\DEVELOP\IGAIA-TANKS\IGAIA-TANKS\IGAIA-CARTOONPANZERS_WIN32\IGAIA-CARTOONPANZERS\DEBUG\CSETTINGSCONTAINER.OBJ
D:\DEVELOP\IGAIA-TANKS\IGAIA-TANKS\IGAIA-CARTOONPANZERS_WIN32\IGAIA-CARTOONPANZERS\DEBUG\CSHADER.OBJ
D:\DEVELOP\IGAIA-TANKS\IGAIA-TANKS\IGAIA-CARTOONPANZERS_WIN32\IGAIA-CARTOONPANZERS\DEBUG\CSHADERCOMPOSITE.OBJ
D:\DEVELOP\IGAIA-TANKS\IGAIA-TANKS\IGAIA-CARTOONPANZERS_WIN32\IGAIA-CARTOONPANZERS\DEBUG\CLANDSCAPEEDGES.OBJ
D:\DEVELOP\IGAIA-TANKS\IGAIA-TANKS\IGAIA-CARTOONPANZERS_WIN32\IGAIA-CARTOONPANZERS\DEBUG\CLANDSCAPESETTINGS_PARSER.OBJ
D:\DEVELOP\IGAIA-TANKS\IGAIA-TANKS\IGAIA-CARTOONPANZERS_WIN32\IGAIA-CARTOONPANZERS\DEBUG\CLIGHT.OBJ
D:\DEVELOP\IGAIA-TANKS\IGAIA-TANKS\IGAIA-CARTOONPANZERS_WIN32\IGAIA-CARTOONPANZERS\DEBUG\CLOADOPERATION_MDL.OBJ
D:\DEVELOP\IGAIA-TANKS\IGAIA-TANKS\IGAIA-CARTOONPANZERS_WIN32\IGAIA-CARTOONPANZERS\DEBUG\CLOADOPERATION_PVR.OBJ
D:\DEVELOP\IGAIA-TANKS\IGAIA-TANKS\IGAIA-CARTOONPANZERS_WIN32\IGAIA-CARTOONPANZERS\DEBUG\CMAINLOOPUPDATECALLBACK.OBJ
D:\DEVELOP\IGAIA-TANKS\IGAIA-TANKS\IGAIA-CARTOONPANZERS_WIN32\IGAIA-CARTOONPANZERS\DEBUG\CMAINLOOP_WIN32.OBJ
D:\DEVELOP\IGAIA-TANKS\IGAIA-TANKS\IGAIA-CARTOONPANZERS_WIN32\IGAIA-CARTOONPANZERS\DEBUG\CMATERIAL.OBJ
D:\DEVELOP\IGAIA-TANKS\IGAIA-TANKS\IGAIA-CARTOONPANZERS_WIN32\IGAIA-CARTOONPANZERS\DEBUG\CMESH.OBJ
D:\DEVELOP\IGAIA-TANKS\IGAIA-TANKS\IGAIA-CARTOONPANZERS_WIN32\IGAIA-CARTOONPANZERS\DEBUG\CMESHMGR.OBJ
D:\DEVELOP\IGAIA-TANKS\IGAIA-TANKS\IGAIA-CARTOONPANZERS_WIN32\IGAIA-CARTOONPANZERS\DEBUG\CMOVECONTROLLERCALLBACK.OBJ
D:\DEVELOP\IGAIA-TANKS\IGAIA-TANKS\IGAIA-CARTOONPANZERS_WIN32\IGAIA-CARTOONPANZERS\DEBUG\CNAVIGATOR.OBJ
D:\DEVELOP\IGAIA-TANKS\IGAIA-TANKS\IGAIA-CARTOONPANZERS_WIN32\IGAIA-CARTOONPANZERS\DEBUG\COBJECT3DBASISPROCESSOR.OBJ
D:\DEVELOP\IGAIA-TANKS\IGAIA-TANKS\IGAIA-CARTOONPANZERS_WIN32\IGAIA-CARTOONPANZERS\DEBUG\COCEAN.OBJ
D:\DEVELOP\IGAIA-TANKS\IGAIA-TANKS\IGAIA-CARTOONPANZERS_WIN32\IGAIA-CARTOONPANZERS\DEBUG\COCEANSETTINGS_PARSER.OBJ
D:\DEVELOP\IGAIA-TANKS\IGAIA-TANKS\IGAIA-CARTOONPANZERS_WIN32\IGAIA-CARTOONPANZERS\DEBUG\CPANZER.OBJ
D:\DEVELOP\IGAIA-TANKS\IGAIA-TANKS\IGAIA-CARTOONPANZERS_WIN32\IGAIA-CARTOONPANZERS\DEBUG\CPANZERSETTINGS_PARSER.OBJ
D:\DEVELOP\IGAIA-TANKS\IGAIA-TANKS\IGAIA-CARTOONPANZERS_WIN32\IGAIA-CARTOONPANZERS\DEBUG\CPARSER_GLSL.OBJ
D:\DEVELOP\IGAIA-TANKS\IGAIA-TANKS\IGAIA-CARTOONPANZERS_WIN32\IGAIA-CARTOONPANZERS\DEBUG\CPARTICLEEMITTER.OBJ
D:\DEVELOP\IGAIA-TANKS\IGAIA-TANKS\IGAIA-CARTOONPANZERS_WIN32\IGAIA-CARTOONPANZERS\DEBUG\CPARTICLEEMITTERSETTINGS_PARSER.OBJ
D:\DEVELOP\IGAIA-TANKS\IGAIA-TANKS\IGAIA-CARTOONPANZERS_WIN32\IGAIA-CARTOONPANZERS\DEBUG\CFRUSTUM.OBJ
D:\DEVELOP\IGAIA-TANKS\IGAIA-TANKS\IGAIA-CARTOONPANZERS_WIN32\IGAIA-CARTOONPANZERS\DEBUG\CGAMEMAINMENUSCENE.OBJ
D:\DEVELOP\IGAIA-TANKS\IGAIA-TANKS\IGAIA-CARTOONPANZERS_WIN32\IGAIA-CARTOONPANZERS\DEBUG\CGAMEMAINMENUSCENEVIEWCONTROLLER_WIN32.OBJ
D:\DEVELOP\IGAIA-TANKS\IGAIA-TANKS\IGAIA-CARTOONPANZERS_WIN32\IGAIA-CARTOONPANZERS\DEBUG\CGAMEOBJECT3D.OBJ
D:\DEVELOP\IGAIA-TANKS\IGAIA-TANKS\IGAIA-CARTOONPANZERS_WIN32\IGAIA-CARTOONPANZERS\DEBUG\CGAMEOBJECTSETTINGS_PARSER.OBJ
D:\DEVELOP\IGAIA-TANKS\IGAIA-TANKS\IGAIA-CARTOONPANZERS_WIN32\IGAIA-CARTOONPANZERS\DEBUG\CGAMESETTINGSMGR.OBJ
D:\DEVELOP\IGAIA-TANKS\IGAIA-TANKS\IGAIA-CARTOONPANZERS_WIN32\IGAIA-CARTOONPANZERS\DEBUG\CGLCONTEXT_WIN32.OBJ
D:\DEVELOP\IGAIA-TANKS\IGAIA-TANKS\IGAIA-CARTOONPANZERS_WIN32\IGAIA-CARTOONPANZERS\DEBUG\CGLWINDOW_WIN32.OBJ
D:\DEVELOP\IGAIA-TANKS\IGAIA-TANKS\IGAIA-CARTOONPANZERS_WIN32\IGAIA-CARTOONPANZERS\DEBUG\CGRASSSETTINGS_PARSER.OBJ
D:\DEVELOP\IGAIA-TANKS\IGAIA-TANKS\IGAIA-CARTOONPANZERS_WIN32\IGAIA-CARTOONPANZERS\DEBUG\CGUIMGR.OBJ
D:\DEVELOP\IGAIA-TANKS\IGAIA-TANKS\IGAIA-CARTOONPANZERS_WIN32\IGAIA-CARTOONPANZERS\DEBUG\CGUISHELLCOMMONMGR.OBJ
D:\DEVELOP\IGAIA-TANKS\IGAIA-TANKS\IGAIA-CARTOONPANZERS_WIN32\IGAIA-CARTOONPANZERS\DEBUG\CGUISHELLFILEMGR.OBJ
D:\DEVELOP\IGAIA-TANKS\IGAIA-TANKS\IGAIA-CARTOONPANZERS_WIN32\IGAIA-CARTOONPANZERS\DEBUG\CGUISHELLRENDERMGR.OBJ
D:\DEVELOP\IGAIA-TANKS\IGAIA-TANKS\IGAIA-CARTOONPANZERS_WIN32\IGAIA-CARTOONPANZERS\DEBUG\CHEIGHTMAPHELPER.OBJ
D:\DEVELOP\IGAIA-TANKS\IGAIA-TANKS\IGAIA-CARTOONPANZERS_WIN32\IGAIA-CARTOONPANZERS\DEBUG\CHEIGHTMAPPROCESSOR.OBJ
D:\DEVELOP\IGAIA-TANKS\IGAIA-TANKS\IGAIA-CARTOONPANZERS_WIN32\IGAIA-CARTOONPANZERS\DEBUG\CINDEXBUFFER.OBJ
D:\DEVELOP\IGAIA-TANKS\IGAIA-TANKS\IGAIA-CARTOONPANZERS_WIN32\IGAIA-CARTOONPANZERS\DEBUG\CLANDSCAPE.OBJ
D:\DEVELOP\IGAIA-TANKS\IGAIA-TANKS\IGAIA-CARTOONPANZERS_WIN32\IGAIA-CARTOONPANZERS\DEBUG\CLANDSCAPECHUNK.OBJ
D:\DEVELOP\IGAIA-TANKS\IGAIA-TANKS\IGAIA-CARTOONPANZERS_WIN32\IGAIA-CARTOONPANZERS\DEBUG\CLANDSCAPEDECAL.OBJ
D:\DEVELOP\IGAIA-TANKS\IGAIA-TANKS\IGAIA-CARTOONPANZERS_WIN32\IGAIA-CARTOONPANZERS\DEBUG\CLANDSCAPEDECALSETTINGS_PARSER.OBJ
D:\DEVELOP\IGAIA-TANKS\IGAIA-TANKS\IGAIA-CARTOONPANZERS_WIN32\IGAIA-CARTOONPANZERS\DEBUG\CCAMERA.OBJ
D:\DEVELOP\IGAIA-TANKS\IGAIA-TANKS\IGAIA-CARTOONPANZERS_WIN32\IGAIA-CARTOONPANZERS\DEBUG\CCARCASS.OBJ
D:\DEVELOP\IGAIA-TANKS\IGAIA-TANKS\IGAIA-CARTOONPANZERS_WIN32\IGAIA-CARTOONPANZERS\DEBUG\CCHARACTERCONTROLLER.OBJ
D:\DEVELOP\IGAIA-TANKS\IGAIA-TANKS\IGAIA-CARTOONPANZERS_WIN32\IGAIA-CARTOONPANZERS\DEBUG\CCHASSIS.OBJ
D:\DEVELOP\IGAIA-TANKS\IGAIA-TANKS\IGAIA-CARTOONPANZERS_WIN32\IGAIA-CARTOONPANZERS\DEBUG\CCOLLISIONCALLBACK.OBJ
D:\DEVELOP\IGAIA-TANKS\IGAIA-TANKS\IGAIA-CARTOONPANZERS_WIN32\IGAIA-CARTOONPANZERS\DEBUG\CCOLLISIONMGR.OBJ
D:\DEVELOP\IGAIA-TANKS\IGAIA-TANKS\IGAIA-CARTOONPANZERS_WIN32\IGAIA-CARTOONPANZERS\DEBUG\CCOLLISIONNAVIGATOR.OBJ
D:\DEVELOP\IGAIA-TANKS\IGAIA-TANKS\IGAIA-CARTOONPANZERS_WIN32\IGAIA-CARTOONPANZERS\DEBUG\CCOMMON_WIN32.OBJ
D:\DEVELOP\IGAIA-TANKS\IGAIA-TANKS\IGAIA-CARTOONPANZERS_WIN32\IGAIA-CARTOONPANZERS\DEBUG\VC110.PDB
D:\Develop\iGaia-Tanks\iGaia-Tanks\iGaia-CartoonPanzers_Win32\iGaia-CartoonPanzers\Debug\b2BlockAllocator.obj
D:\Develop\iGaia-Tanks\iGaia-Tanks\iGaia-CartoonPanzers_Win32\iGaia-CartoonPanzers\Debug\b2Body.obj
D:\Develop\iGaia-Tanks\iGaia-Tanks\iGaia-CartoonPanzers_Win32\iGaia-CartoonPanzers\Debug\b2BroadPhase.obj
D:\Develop\iGaia-Tanks\iGaia-Tanks\iGaia-CartoonPanzers_Win32\iGaia-CartoonPanzers\Debug\b2ChainAndCircleContact.obj
D:\Develop\iGaia-Tanks\iGaia-Tanks\iGaia-CartoonPanzers_Win32\iGaia-CartoonPanzers\Debug\b2ChainAndPolygonContact.obj
D:\Develop\iGaia-Tanks\iGaia-Tanks\iGaia-CartoonPanzers_Win32\iGaia-CartoonPanzers\Debug\b2ChainShape.obj
D:\Develop\iGaia-Tanks\iGaia-Tanks\iGaia-CartoonPanzers_Win32\iGaia-CartoonPanzers\Debug\b2CircleContact.obj
D:\Develop\iGaia-Tanks\iGaia-Tanks\iGaia-CartoonPanzers_Win32\iGaia-CartoonPanzers\Debug\b2CircleShape.obj
D:\Develop\iGaia-Tanks\iGaia-Tanks\iGaia-CartoonPanzers_Win32\iGaia-CartoonPanzers\Debug\b2CollideCircle.obj
D:\Develop\iGaia-Tanks\iGaia-Tanks\iGaia-CartoonPanzers_Win32\iGaia-CartoonPanzers\Debug\b2CollideEdge.obj
D:\Develop\iGaia-Tanks\iGaia-Tanks\iGaia-CartoonPanzers_Win32\iGaia-CartoonPanzers\Debug\b2CollidePolygon.obj
D:\Develop\iGaia-Tanks\iGaia-Tanks\iGaia-CartoonPanzers_Win32\iGaia-CartoonPanzers\Debug\b2Collision.obj
D:\Develop\iGaia-Tanks\iGaia-Tanks\iGaia-CartoonPanzers_Win32\iGaia-CartoonPanzers\Debug\b2Contact.obj
D:\Develop\iGaia-Tanks\iGaia-Tanks\iGaia-CartoonPanzers_Win32\iGaia-CartoonPanzers\Debug\b2ContactManager.obj
D:\Develop\iGaia-Tanks\iGaia-Tanks\iGaia-CartoonPanzers_Win32\iGaia-CartoonPanzers\Debug\b2ContactSolver.obj
D:\Develop\iGaia-Tanks\iGaia-Tanks\iGaia-CartoonPanzers_Win32\iGaia-CartoonPanzers\Debug\b2Distance.obj
D:\Develop\iGaia-Tanks\iGaia-Tanks\iGaia-CartoonPanzers_Win32\iGaia-CartoonPanzers\Debug\b2DistanceJoint.obj
D:\Develop\iGaia-Tanks\iGaia-Tanks\iGaia-CartoonPanzers_Win32\iGaia-CartoonPanzers\Debug\b2Draw.obj
D:\Develop\iGaia-Tanks\iGaia-Tanks\iGaia-CartoonPanzers_Win32\iGaia-CartoonPanzers\Debug\b2DynamicTree.obj
D:\Develop\iGaia-Tanks\iGaia-Tanks\iGaia-CartoonPanzers_Win32\iGaia-CartoonPanzers\Debug\b2EdgeAndCircleContact.obj
D:\Develop\iGaia-Tanks\iGaia-Tanks\iGaia-CartoonPanzers_Win32\iGaia-CartoonPanzers\Debug\b2EdgeAndPolygonContact.obj
D:\Develop\iGaia-Tanks\iGaia-Tanks\iGaia-CartoonPanzers_Win32\iGaia-CartoonPanzers\Debug\b2EdgeShape.obj
D:\Develop\iGaia-Tanks\iGaia-Tanks\iGaia-CartoonPanzers_Win32\iGaia-CartoonPanzers\Debug\b2Fixture.obj
D:\Develop\iGaia-Tanks\iGaia-Tanks\iGaia-CartoonPanzers_Win32\iGaia-CartoonPanzers\Debug\b2FrictionJoint.obj
D:\Develop\iGaia-Tanks\iGaia-Tanks\iGaia-CartoonPanzers_Win32\iGaia-CartoonPanzers\Debug\b2GearJoint.obj
D:\Develop\iGaia-Tanks\iGaia-Tanks\iGaia-CartoonPanzers_Win32\iGaia-CartoonPanzers\Debug\b2Island.obj
D:\Develop\iGaia-Tanks\iGaia-Tanks\iGaia-CartoonPanzers_Win32\iGaia-CartoonPanzers\Debug\b2Joint.obj
D:\Develop\iGaia-Tanks\iGaia-Tanks\iGaia-CartoonPanzers_Win32\iGaia-CartoonPanzers\Debug\b2Math.obj
D:\Develop\iGaia-Tanks\iGaia-Tanks\iGaia-CartoonPanzers_Win32\iGaia-CartoonPanzers\Debug\b2MouseJoint.obj
D:\Develop\iGaia-Tanks\iGaia-Tanks\iGaia-CartoonPanzers_Win32\iGaia-CartoonPanzers\Debug\b2PolygonAndCircleContact.obj
D:\Develop\iGaia-Tanks\iGaia-Tanks\iGaia-CartoonPanzers_Win32\iGaia-CartoonPanzers\Debug\b2PolygonContact.obj
D:\Develop\iGaia-Tanks\iGaia-Tanks\iGaia-CartoonPanzers_Win32\iGaia-CartoonPanzers\Debug\b2PolygonShape.obj
D:\Develop\iGaia-Tanks\iGaia-Tanks\iGaia-CartoonPanzers_Win32\iGaia-CartoonPanzers\Debug\b2PrismaticJoint.obj
D:\Develop\iGaia-Tanks\iGaia-Tanks\iGaia-CartoonPanzers_Win32\iGaia-CartoonPanzers\Debug\b2PulleyJoint.obj
D:\Develop\iGaia-Tanks\iGaia-Tanks\iGaia-CartoonPanzers_Win32\iGaia-CartoonPanzers\Debug\b2RevoluteJoint.obj
D:\Develop\iGaia-Tanks\iGaia-Tanks\iGaia-CartoonPanzers_Win32\iGaia-CartoonPanzers\Debug\b2Rope.obj
D:\Develop\iGaia-Tanks\iGaia-Tanks\iGaia-CartoonPanzers_Win32\iGaia-CartoonPanzers\Debug\b2RopeJoint.obj
D:\Develop\iGaia-Tanks\iGaia-Tanks\iGaia-CartoonPanzers_Win32\iGaia-CartoonPanzers\Debug\b2Settings.obj
D:\Develop\iGaia-Tanks\iGaia-Tanks\iGaia-CartoonPanzers_Win32\iGaia-CartoonPanzers\Debug\b2StackAllocator.obj
D:\Develop\iGaia-Tanks\iGaia-Tanks\iGaia-CartoonPanzers_Win32\iGaia-CartoonPanzers\Debug\b2TimeOfImpact.obj
D:\Develop\iGaia-Tanks\iGaia-Tanks\iGaia-CartoonPanzers_Win32\iGaia-CartoonPanzers\Debug\b2Timer.obj
D:\Develop\iGaia-Tanks\iGaia-Tanks\iGaia-CartoonPanzers_Win32\iGaia-CartoonPanzers\Debug\b2WeldJoint.obj
D:\Develop\iGaia-Tanks\iGaia-Tanks\iGaia-CartoonPanzers_Win32\iGaia-CartoonPanzers\Debug\b2WheelJoint.obj
D:\Develop\iGaia-Tanks\iGaia-Tanks\iGaia-CartoonPanzers_Win32\iGaia-CartoonPanzers\Debug\b2World.obj
D:\Develop\iGaia-Tanks\iGaia-Tanks\iGaia-CartoonPanzers_Win32\iGaia-CartoonPanzers\Debug\b2WorldCallbacks.obj
D:\Develop\iGaia-Tanks\iGaia-Tanks\iGaia-CartoonPanzers_Win32\iGaia-CartoonPanzers\Debug\CCamera.obj
D:\Develop\iGaia-Tanks\iGaia-Tanks\iGaia-CartoonPanzers_Win32\iGaia-CartoonPanzers\Debug\CCarcass.obj
D:\Develop\iGaia-Tanks\iGaia-Tanks\iGaia-CartoonPanzers_Win32\iGaia-CartoonPanzers\Debug\CCharacterController.obj
D:\Develop\iGaia-Tanks\iGaia-Tanks\iGaia-CartoonPanzers_Win32\iGaia-CartoonPanzers\Debug\CChassis.obj
D:\Develop\iGaia-Tanks\iGaia-Tanks\iGaia-CartoonPanzers_Win32\iGaia-CartoonPanzers\Debug\CCollisionCallback.obj
D:\Develop\iGaia-Tanks\iGaia-Tanks\iGaia-CartoonPanzers_Win32\iGaia-CartoonPanzers\Debug\CCollisionMgr.obj
D:\Develop\iGaia-Tanks\iGaia-Tanks\iGaia-CartoonPanzers_Win32\iGaia-CartoonPanzers\Debug\CCollisionNavigator.obj
D:\Develop\iGaia-Tanks\iGaia-Tanks\iGaia-CartoonPanzers_Win32\iGaia-CartoonPanzers\Debug\CCommon_Win32.obj
D:\Develop\iGaia-Tanks\iGaia-Tanks\iGaia-CartoonPanzers_Win32\iGaia-CartoonPanzers\Debug\CFrustum.obj
D:\Develop\iGaia-Tanks\iGaia-Tanks\iGaia-CartoonPanzers_Win32\iGaia-CartoonPanzers\Debug\CGameMainMenuScene.obj
D:\Develop\iGaia-Tanks\iGaia-Tanks\iGaia-CartoonPanzers_Win32\iGaia-CartoonPanzers\Debug\CGameMainMenuSceneViewController_Win32.obj
D:\Develop\iGaia-Tanks\iGaia-Tanks\iGaia-CartoonPanzers_Win32\iGaia-CartoonPanzers\Debug\CGameObject3d.obj
D:\Develop\iGaia-Tanks\iGaia-Tanks\iGaia-CartoonPanzers_Win32\iGaia-CartoonPanzers\Debug\CGameObjectSettings_PARSER.obj
D:\Develop\iGaia-Tanks\iGaia-Tanks\iGaia-CartoonPanzers_Win32\iGaia-CartoonPanzers\Debug\CGameSettingsMgr.obj
D:\Develop\iGaia-Tanks\iGaia-Tanks\iGaia-CartoonPanzers_Win32\iGaia-CartoonPanzers\Debug\CGLContext_Win32.obj
D:\Develop\iGaia-Tanks\iGaia-Tanks\iGaia-CartoonPanzers_Win32\iGaia-CartoonPanzers\Debug\CGLWindow_Win32.obj
D:\Develop\iGaia-Tanks\iGaia-Tanks\iGaia-CartoonPanzers_Win32\iGaia-CartoonPanzers\Debug\CGrassSettings_PARSER.obj
D:\Develop\iGaia-Tanks\iGaia-Tanks\iGaia-CartoonPanzers_Win32\iGaia-CartoonPanzers\Debug\CGuiMgr.obj
D:\Develop\iGaia-Tanks\iGaia-Tanks\iGaia-CartoonPanzers_Win32\iGaia-CartoonPanzers\Debug\CGuiShellCommonMgr.obj
D:\Develop\iGaia-Tanks\iGaia-Tanks\iGaia-CartoonPanzers_Win32\iGaia-CartoonPanzers\Debug\CGuiShellFileMgr.obj
D:\Develop\iGaia-Tanks\iGaia-Tanks\iGaia-CartoonPanzers_Win32\iGaia-CartoonPanzers\Debug\CGuiShellRenderMgr.obj
D:\Develop\iGaia-Tanks\iGaia-Tanks\iGaia-CartoonPanzers_Win32\iGaia-CartoonPanzers\Debug\CHeightmapHelper.obj
D:\Develop\iGaia-Tanks\iGaia-Tanks\iGaia-CartoonPanzers_Win32\iGaia-CartoonPanzers\Debug\CHeightmapProcessor.obj
D:\Develop\iGaia-Tanks\iGaia-Tanks\iGaia-CartoonPanzers_Win32\iGaia-CartoonPanzers\Debug\CIndexBuffer.obj
D:\Develop\iGaia-Tanks\iGaia-Tanks\iGaia-CartoonPanzers_Win32\iGaia-CartoonPanzers\Debug\CLandscape.obj
D:\Develop\iGaia-Tanks\iGaia-Tanks\iGaia-CartoonPanzers_Win32\iGaia-CartoonPanzers\Debug\CLandscapeChunk.obj
D:\Develop\iGaia-Tanks\iGaia-Tanks\iGaia-CartoonPanzers_Win32\iGaia-CartoonPanzers\Debug\CLandscapeDecal.obj
D:\Develop\iGaia-Tanks\iGaia-Tanks\iGaia-CartoonPanzers_Win32\iGaia-CartoonPanzers\Debug\CLandscapeDecalSettings_PARSER.obj
D:\Develop\iGaia-Tanks\iGaia-Tanks\iGaia-CartoonPanzers_Win32\iGaia-CartoonPanzers\Debug\CLandscapeEdges.obj
D:\Develop\iGaia-Tanks\iGaia-Tanks\iGaia-CartoonPanzers_Win32\iGaia-CartoonPanzers\Debug\CLandscapeSettings_PARSER.obj
D:\Develop\iGaia-Tanks\iGaia-Tanks\iGaia-CartoonPanzers_Win32\iGaia-CartoonPanzers\Debug\CLight.obj
D:\Develop\iGaia-Tanks\iGaia-Tanks\iGaia-CartoonPanzers_Win32\iGaia-CartoonPanzers\Debug\CLoadOperation_MDL.obj
D:\Develop\iGaia-Tanks\iGaia-Tanks\iGaia-CartoonPanzers_Win32\iGaia-CartoonPanzers\Debug\CLoadOperation_PVR.obj
D:\Develop\iGaia-Tanks\iGaia-Tanks\iGaia-CartoonPanzers_Win32\iGaia-CartoonPanzers\Debug\CMainLoopUpdateCallback.obj
D:\Develop\iGaia-Tanks\iGaia-Tanks\iGaia-CartoonPanzers_Win32\iGaia-CartoonPanzers\Debug\CMainLoop_Win32.obj
D:\Develop\iGaia-Tanks\iGaia-Tanks\iGaia-CartoonPanzers_Win32\iGaia-CartoonPanzers\Debug\CMaterial.obj
D:\Develop\iGaia-Tanks\iGaia-Tanks\iGaia-CartoonPanzers_Win32\iGaia-CartoonPanzers\Debug\CMesh.obj
D:\Develop\iGaia-Tanks\iGaia-Tanks\iGaia-CartoonPanzers_Win32\iGaia-CartoonPanzers\Debug\CMeshMgr.obj
D:\Develop\iGaia-Tanks\iGaia-Tanks\iGaia-CartoonPanzers_Win32\iGaia-CartoonPanzers\Debug\CMoveControllerCallback.obj
D:\Develop\iGaia-Tanks\iGaia-Tanks\iGaia-CartoonPanzers_Win32\iGaia-CartoonPanzers\Debug\CNavigator.obj
D:\Develop\iGaia-Tanks\iGaia-Tanks\iGaia-CartoonPanzers_Win32\iGaia-CartoonPanzers\Debug\CObject3dBasisProcessor.obj
D:\Develop\iGaia-Tanks\iGaia-Tanks\iGaia-CartoonPanzers_Win32\iGaia-CartoonPanzers\Debug\COcean.obj
D:\Develop\iGaia-Tanks\iGaia-Tanks\iGaia-CartoonPanzers_Win32\iGaia-CartoonPanzers\Debug\COceanSettings_PARSER.obj
D:\Develop\iGaia-Tanks\iGaia-Tanks\iGaia-CartoonPanzers_Win32\iGaia-CartoonPanzers\Debug\CPanzer.obj
D:\Develop\iGaia-Tanks\iGaia-Tanks\iGaia-CartoonPanzers_Win32\iGaia-CartoonPanzers\Debug\CPanzerSettings_PARSER.obj
D:\Develop\iGaia-Tanks\iGaia-Tanks\iGaia-CartoonPanzers_Win32\iGaia-CartoonPanzers\Debug\CParser_GLSL.obj
D:\Develop\iGaia-Tanks\iGaia-Tanks\iGaia-CartoonPanzers_Win32\iGaia-CartoonPanzers\Debug\CParticleEmitter.obj
D:\Develop\iGaia-Tanks\iGaia-Tanks\iGaia-CartoonPanzers_Win32\iGaia-CartoonPanzers\Debug\CParticleEmitterSettings_PARSER.obj
D:\Develop\iGaia-Tanks\iGaia-Tanks\iGaia-CartoonPanzers_Win32\iGaia-CartoonPanzers\Debug\CQuadTree.obj
D:\Develop\iGaia-Tanks\iGaia-Tanks\iGaia-CartoonPanzers_Win32\iGaia-CartoonPanzers\Debug\CRenderCallback.obj
D:\Develop\iGaia-Tanks\iGaia-Tanks\iGaia-CartoonPanzers_Win32\iGaia-CartoonPanzers\Debug\CRenderMgr.obj
D:\Develop\iGaia-Tanks\iGaia-Tanks\iGaia-CartoonPanzers_Win32\iGaia-CartoonPanzers\Debug\CRenderOperationScreenOutput.obj
D:\Develop\iGaia-Tanks\iGaia-Tanks\iGaia-CartoonPanzers_Win32\iGaia-CartoonPanzers\Debug\CRenderOperationScreenSpace.obj
D:\Develop\iGaia-Tanks\iGaia-Tanks\iGaia-CartoonPanzers_Win32\iGaia-CartoonPanzers\Debug\CRenderOperationWorldSpace.obj
D:\Develop\iGaia-Tanks\iGaia-Tanks\iGaia-CartoonPanzers_Win32\iGaia-CartoonPanzers\Debug\CRenderPresentCallback.obj
D:\Develop\iGaia-Tanks\iGaia-Tanks\iGaia-CartoonPanzers_Win32\iGaia-CartoonPanzers\Debug\CResourceLoadCallback.obj
D:\Develop\iGaia-Tanks\iGaia-Tanks\iGaia-CartoonPanzers_Win32\iGaia-CartoonPanzers\Debug\CResourceMgrsFacade.obj
D:\Develop\iGaia-Tanks\iGaia-Tanks\iGaia-CartoonPanzers_Win32\iGaia-CartoonPanzers\Debug\CRoot_Win32.obj
D:\Develop\iGaia-Tanks\iGaia-Tanks\iGaia-CartoonPanzers_Win32\iGaia-CartoonPanzers\Debug\CRotateControllerCallback.obj
D:\Develop\iGaia-Tanks\iGaia-Tanks\iGaia-CartoonPanzers_Win32\iGaia-CartoonPanzers\Debug\CSceneContainer.obj
D:\Develop\iGaia-Tanks\iGaia-Tanks\iGaia-CartoonPanzers_Win32\iGaia-CartoonPanzers\Debug\CSceneFabricator.obj
D:\Develop\iGaia-Tanks\iGaia-Tanks\iGaia-CartoonPanzers_Win32\iGaia-CartoonPanzers\Debug\CSceneGraph.obj
D:\Develop\iGaia-Tanks\iGaia-Tanks\iGaia-CartoonPanzers_Win32\iGaia-CartoonPanzers\Debug\CSceneUpdateCallback.obj
D:\Develop\iGaia-Tanks\iGaia-Tanks\iGaia-CartoonPanzers_Win32\iGaia-CartoonPanzers\Debug\CSceneUpdateMgr.obj
D:\Develop\iGaia-Tanks\iGaia-Tanks\iGaia-CartoonPanzers_Win32\iGaia-CartoonPanzers\Debug\CScreenSpaceRenderProcessor.obj
D:\Develop\iGaia-Tanks\iGaia-Tanks\iGaia-CartoonPanzers_Win32\iGaia-CartoonPanzers\Debug\CSettingsContainer.obj
D:\Develop\iGaia-Tanks\iGaia-Tanks\iGaia-CartoonPanzers_Win32\iGaia-CartoonPanzers\Debug\CShader.obj
D:\Develop\iGaia-Tanks\iGaia-Tanks\iGaia-CartoonPanzers_Win32\iGaia-CartoonPanzers\Debug\CShaderComposite.obj
D:\Develop\iGaia-Tanks\iGaia-Tanks\iGaia-CartoonPanzers_Win32\iGaia-CartoonPanzers\Debug\CShape3d.obj
D:\Develop\iGaia-Tanks\iGaia-Tanks\iGaia-CartoonPanzers_Win32\iGaia-CartoonPanzers\Debug\CShape3dSettings_PARSER.obj
D:\Develop\iGaia-Tanks\iGaia-Tanks\iGaia-CartoonPanzers_Win32\iGaia-CartoonPanzers\Debug\CSkyDomeSettings_PARSER.obj
D:\Develop\iGaia-Tanks\iGaia-Tanks\iGaia-CartoonPanzers_Win32\iGaia-CartoonPanzers\Debug\CTexture.obj
D:\Develop\iGaia-Tanks\iGaia-Tanks\iGaia-CartoonPanzers_Win32\iGaia-CartoonPanzers\Debug\CTextureMgr.obj
D:\Develop\iGaia-Tanks\iGaia-Tanks\iGaia-CartoonPanzers_Win32\iGaia-CartoonPanzers\Debug\CTurret.obj
D:\Develop\iGaia-Tanks\iGaia-Tanks\iGaia-CartoonPanzers_Win32\iGaia-CartoonPanzers\Debug\CVertexBuffer.obj
D:\Develop\iGaia-Tanks\iGaia-Tanks\iGaia-CartoonPanzers_Win32\iGaia-CartoonPanzers\Debug\ICharacter.obj
D:\Develop\iGaia-Tanks\iGaia-Tanks\iGaia-CartoonPanzers_Win32\iGaia-CartoonPanzers\Debug\iGaia-CartoonPanzers.obj
D:\Develop\iGaia-Tanks\iGaia-Tanks\iGaia-CartoonPanzers_Win32\iGaia-CartoonPanzers\Debug\IGLContext.obj
D:\Develop\iGaia-Tanks\iGaia-Tanks\iGaia-CartoonPanzers_Win32\iGaia-CartoonPanzers\Debug\ILoadOperation.obj
D:\Develop\iGaia-Tanks\iGaia-Tanks\iGaia-CartoonPanzers_Win32\iGaia-CartoonPanzers\Debug\IResource.obj
D:\Develop\iGaia-Tanks\iGaia-Tanks\iGaia-CartoonPanzers_Win32\iGaia-CartoonPanzers\Debug\IResourceMgr.obj
D:\Develop\iGaia-Tanks\iGaia-Tanks\iGaia-CartoonPanzers_Win32\iGaia-CartoonPanzers\Debug\ISpare.obj
D:\Develop\iGaia-Tanks\iGaia-Tanks\iGaia-CartoonPanzers_Win32\iGaia-CartoonPanzers\Debug\pugixml.obj
D:\Develop\iGaia-Tanks\iGaia-Tanks\iGaia-CartoonPanzers_Win32\iGaia-CartoonPanzers\Debug\cl.command.1.tlog
D:\Develop\iGaia-Tanks\iGaia-Tanks\iGaia-CartoonPanzers_Win32\iGaia-CartoonPanzers\Debug\CL.read.1.tlog
D:\Develop\iGaia-Tanks\iGaia-Tanks\iGaia-CartoonPanzers_Win32\iGaia-CartoonPanzers\Debug\CL.write.1.tlog
D:\Develop\iGaia-Tanks\iGaia-Tanks\iGaia-CartoonPanzers_Win32\iGaia-CartoonPanzers\Debug\link-cvtres.read.1.tlog
D:\Develop\iGaia-Tanks\iGaia-Tanks\iGaia-CartoonPanzers_Win32\iGaia-CartoonPanzers\Debug\link-cvtres.write.1.tlog
D:\Develop\iGaia-Tanks\iGaia-Tanks\iGaia-CartoonPanzers_Win32\iGaia-CartoonPanzers\Debug\link-rc.read.1.tlog
D:\Develop\iGaia-Tanks\iGaia-Tanks\iGaia-CartoonPanzers_Win32\iGaia-CartoonPanzers\Debug\link-rc.write.1.tlog
D:\Develop\iGaia-Tanks\iGaia-Tanks\iGaia-CartoonPanzers_Win32\iGaia-CartoonPanzers\Debug\link.command.1.tlog
D:\Develop\iGaia-Tanks\iGaia-Tanks\iGaia-CartoonPanzers_Win32\iGaia-CartoonPanzers\Debug\link.read.1.tlog
D:\Develop\iGaia-Tanks\iGaia-Tanks\iGaia-CartoonPanzers_Win32\iGaia-CartoonPanzers\Debug\link.write.1.tlog
D:\Develop\iGaia-Tanks\iGaia-Tanks\iGaia-CartoonPanzers_Win32\iGaia-CartoonPanzers\Debug\vc110.idb
D:\Develop\iGaia-Tanks\iGaia-Tanks\iGaia-CartoonPanzers_Win32\iGaia-CartoonPanzers\Debug\vc110.pdb
D:\Develop\iGaia-Tanks\iGaia-Tanks\iGaia-CartoonPanzers_Win32\Debug\iGaia-CartoonPanzers.pdb
